<?xml version="1.0" encoding="UTF-8"?>
<testsuite name="DiseaseTest" tests="1" skipped="0" failures="0" errors="0" timestamp="2025-06-06T19:55:19" hostname="SIGMAPUTER" time="0.001">
  <properties/>
  <testcase name="testGetName" classname="DiseaseTest" time="0.001"/>
  <system-out><![CDATA[]]></system-out>
  <system-err><![CDATA[]]></system-err>
</testsuite>
