<?xml version="1.0" encoding="UTF-8"?>
<testsuite name="VisualizerTest" tests="1" skipped="0" failures="0" errors="0" timestamp="2025-06-06T19:55:18" hostname="SIGMAPUTER" time="0.349">
  <properties/>
  <testcase name="testCreateVisualizer" classname="VisualizerTest" time="0.349"/>
  <system-out><![CDATA[]]></system-out>
  <system-err><![CDATA[]]></system-err>
</testsuite>
