<?xml version="1.0" encoding="UTF-8"?>
<testsuite name="MainTest" tests="1" skipped="0" failures="0" errors="0" timestamp="2025-06-06T19:55:19" hostname="SIGMAPUTER" time="7.666">
  <properties/>
  <testcase name="testMainRuns" classname="MainTest" time="7.666"/>
  <system-out><![CDATA[Przedmiot: asd - postęp: 8.333333333333332
Przedmiot: asd - postęp: 16.25
Przedmiot: asd - postęp: 23.75
Złe samopoczucie
Przedmiot: asd - postęp: 28.33333333333334
Przedmiot: asd - postęp: 32.5
Szansa na stypendium
Przedmiot: asd - postęp: 37.91666666666667
Nic sie nie stało
Przedmiot: asd - postęp: 42.91666666666667
Przedmiot: asd - postęp: 47.5
Dzień 1:
  asd - 8h

WYNIKI EGZAMINÓW:
Przedmiot: asd, wynik: 49.0
Suma ECTS za niezdane przedmioty: 1
]]></system-out>
  <system-err><![CDATA[]]></system-err>
</testsuite>
